0 info it worked if it ends with ok
1 verbose cli [ '/usr/local/Cellar/node/5.1.0/bin/node',
1 verbose cli   '/Users/pb/.node/bin/npm',
1 verbose cli   'publish' ]
2 info using npm@3.5.2
3 info using node@v5.1.0
4 verbose publish [ '.' ]
5 silly cache add args [ '.', null ]
6 verbose cache add spec .
7 silly cache add parsed spec Result {
7 silly cache add   raw: '.',
7 silly cache add   scope: null,
7 silly cache add   name: null,
7 silly cache add   rawSpec: '.',
7 silly cache add   spec: '/Users/pb/Documents/slack/tfl-api',
7 silly cache add   type: 'directory' }
8 verbose addLocalDirectory /Users/pb/.npm/tfl-api/0.0.1/package.tgz not in flight; packing
9 info lifecycle tfl-api@0.0.1~prepublish: tfl-api@0.0.1
10 silly lifecycle tfl-api@0.0.1~prepublish: no script for prepublish, continuing
11 verbose tar pack [ '/Users/pb/.npm/tfl-api/0.0.1/package.tgz',
11 verbose tar pack   '/Users/pb/Documents/slack/tfl-api' ]
12 verbose tarball /Users/pb/.npm/tfl-api/0.0.1/package.tgz
13 verbose folder /Users/pb/Documents/slack/tfl-api
14 verbose addLocalTarball adding from inside cache /Users/pb/.npm/tfl-api/0.0.1/package.tgz
15 silly cache afterAdd tfl-api@0.0.1
16 verbose afterAdd /Users/pb/.npm/tfl-api/0.0.1/package/package.json not in flight; writing
17 verbose afterAdd /Users/pb/.npm/tfl-api/0.0.1/package/package.json written
18 silly publish { name: 'tfl-api',
18 silly publish   version: '0.0.1',
18 silly publish   description: 'Node.js wrapper for TFL (Transport for London) API',
18 silly publish   main: 'tfl-api.js',
18 silly publish   scripts: { test: 'echo "Error: no test specified" && exit 1' },
18 silly publish   repository:
18 silly publish    { type: 'git',
18 silly publish      url: 'git+https://github.com/typeofgraphic/tfl-api.git' },
18 silly publish   keywords: [ 'tfl', 'api' ],
18 silly publish   author: { name: 'TypeOfGraphic', email: 'pbooth80@gmail.com' },
18 silly publish   license: 'Apache-2.0',
18 silly publish   bugs: { url: 'https://github.com/typeofgraphic/tfl-api/issues' },
18 silly publish   homepage: 'https://github.com/typeofgraphic/tfl-api#readme',
18 silly publish   readme: '# tfl-api\nTransport for London API Module for Node.js \n',
18 silly publish   readmeFilename: 'README.md',
18 silly publish   gitHead: 'ce4b3d919ca94652888509d01eec2db2ebceec39',
18 silly publish   _id: 'tfl-api@0.0.1',
18 silly publish   _shasum: '85a72b6e72a9c7b257781419a0f8c0125e62bccc',
18 silly publish   _from: '.' }
19 verbose getPublishConfig undefined
20 silly mapToRegistry name tfl-api
21 silly mapToRegistry using default registry
22 silly mapToRegistry registry http://registry.npmjs.org/
23 silly mapToRegistry uri http://registry.npmjs.org/tfl-api
24 verbose publish registryBase http://registry.npmjs.org/
25 silly publish uploading /Users/pb/.npm/tfl-api/0.0.1/package.tgz
26 verbose request uri http://registry.npmjs.org/tfl-api
27 verbose request sending authorization for write operation
28 info attempt registry request try #1 at 6:29:44 PM
29 verbose request using bearer token for auth
30 verbose request id 74b736a8862f83f9
31 http request PUT http://registry.npmjs.org/tfl-api
32 http 403 http://registry.npmjs.org/tfl-api
33 verbose headers { 'content-type': 'application/json',
33 verbose headers   'cache-control': 'max-age=300',
33 verbose headers   'content-length': '95',
33 verbose headers   'accept-ranges': 'bytes',
33 verbose headers   date: 'Thu, 24 Dec 2015 18:29:45 GMT',
33 verbose headers   via: '1.1 varnish',
33 verbose headers   connection: 'keep-alive',
33 verbose headers   'x-served-by': 'cache-lhr6335-LHR',
33 verbose headers   'x-cache': 'MISS',
33 verbose headers   'x-cache-hits': '0',
33 verbose headers   'x-timer': 'S1450981784.387221,VS0,VE1053' }
34 verbose request invalidating /Users/pb/.npm/registry.npmjs.org/tfl-api on PUT
35 error publish Failed PUT 403
36 verbose stack Error: "You cannot publish over the previously published version 0.0.1." : tfl-api
36 verbose stack     at makeError (/Users/pb/.node/lib/node_modules/npm/node_modules/npm-registry-client/lib/request.js:264:12)
36 verbose stack     at CachingRegistryClient.<anonymous> (/Users/pb/.node/lib/node_modules/npm/node_modules/npm-registry-client/lib/request.js:252:14)
36 verbose stack     at Request._callback (/Users/pb/.node/lib/node_modules/npm/node_modules/npm-registry-client/lib/request.js:172:14)
36 verbose stack     at Request.self.callback (/Users/pb/.node/lib/node_modules/npm/node_modules/request/request.js:198:22)
36 verbose stack     at emitTwo (events.js:87:13)
36 verbose stack     at Request.emit (events.js:172:7)
36 verbose stack     at Request.<anonymous> (/Users/pb/.node/lib/node_modules/npm/node_modules/request/request.js:1082:10)
36 verbose stack     at emitOne (events.js:82:20)
36 verbose stack     at Request.emit (events.js:169:7)
36 verbose stack     at IncomingMessage.<anonymous> (/Users/pb/.node/lib/node_modules/npm/node_modules/request/request.js:1009:12)
37 verbose statusCode 403
38 verbose pkgid tfl-api
39 verbose cwd /Users/pb/Documents/slack/tfl-api
40 error Darwin 15.0.0
41 error argv "/usr/local/Cellar/node/5.1.0/bin/node" "/Users/pb/.node/bin/npm" "publish"
42 error node v5.1.0
43 error npm  v3.5.2
44 error code E403
45 error "You cannot publish over the previously published version 0.0.1." : tfl-api
46 error If you need help, you may report this error at:
46 error     <https://github.com/npm/npm/issues>
47 verbose exit [ 1, true ]
